# JRE version: OpenJDK Runtime Environment Temurin-17.0.7+7 (17.0.7+7) (build 17.0.7+7)
# Java VM: OpenJDK 64-Bit Server VM Temurin-17.0.7+7 (17.0.7+7, mixed mode, emulated-client, tiered, compressed oops, compressed class ptrs, g1 gc, windows-amd64)
GC Precious Log:
 CPUs: 8 total, 8 available
 Memory: 8059M
 Large Page Support: Disabled
 NUMA Support: Disabled
 Compressed Oops: Enabled (32-bit)
 Heap Region Size: 1M
 Heap Min Capacity: 8M
 Heap Initial Capacity: 126M
 Heap Max Capacity: 1G
 Pre-touch: Disabled
 Parallel Workers: 8
 Concurrent Workers: 2
 Concurrent Refinement Workers: 8
 Periodic GC: Disabled
Heap:
 garbage-first heap   total 352256K, used 105070K [0x00000000c0000000, 0x0000000100000000)
  region size 1024K, 1 young (1024K), 0 survivors (0K)
 Metaspace       used 77006K, committed 77504K, reserved 1179648K
  class space    used 10585K, committed 10816K, reserved 1048576K
GC Heap History (20 events):
Event: 8210.527 GC heap before
{Heap before GC invocations=1813 (full 481):
 garbage-first heap   total 352256K, used 105070K [0x00000000c0000000, 0x0000000100000000)
  region size 1024K, 1 young (1024K), 0 survivors (0K)
 Metaspace       used 77006K, committed 77504K, reserved 1179648K
  class space    used 10585K, committed 10816K, reserved 1048576K
}
Event: 8210.597 GC heap after
{Heap after GC invocations=1814 (full 482):
 garbage-first heap   total 352256K, used 105070K [0x00000000c0000000, 0x0000000100000000)
  region size 1024K, 0 young (0K), 0 survivors (0K)
 Metaspace       used 77006K, committed 77504K, reserved 1179648K
  class space    used 10585K, committed 10816K, reserved 1048576K
}
Event: 8220.730 GC heap before
{Heap before GC invocations=1814 (full 482):
 garbage-first heap   total 352256K, used 105070K [0x00000000c0000000, 0x0000000100000000)
  region size 1024K, 1 young (1024K), 0 survivors (0K)
 Metaspace       used 77006K, committed 77504K, reserved 1179648K
  class space    used 10585K, committed 10816K, reserved 1048576K
}
Event: 8220.802 GC heap after
{Heap after GC invocations=1815 (full 483):
 garbage-first heap   total 352256K, used 105070K [0x00000000c0000000, 0x0000000100000000)
  region size 1024K, 0 young (0K), 0 survivors (0K)
 Metaspace       used 77006K, committed 77504K, reserved 1179648K
  class space    used 10585K, committed 10816K, reserved 1048576K
}
Event: 8230.928 GC heap before
{Heap before GC invocations=1815 (full 483):
 garbage-first heap   total 352256K, used 105070K [0x00000000c0000000, 0x0000000100000000)
  region size 1024K, 1 young (1024K), 0 survivors (0K)
 Metaspace       used 77006K, committed 77504K, reserved 1179648K
  class space    used 10585K, committed 10816K, reserved 1048576K
}
Event: 8230.989 GC heap after
{Heap after GC invocations=1816 (full 484):
 garbage-first heap   total 352256K, used 105070K [0x00000000c0000000, 0x0000000100000000)
  region size 1024K, 0 young (0K), 0 survivors (0K)
 Metaspace       used 77006K, committed 77504K, reserved 1179648K
  class space    used 10585K, committed 10816K, reserved 1048576K
}
Event: 8241.114 GC heap before
{Heap before GC invocations=1816 (full 484):
 garbage-first heap   total 352256K, used 105070K [0x00000000c0000000, 0x0000000100000000)
  region size 1024K, 1 young (1024K), 0 survivors (0K)
 Metaspace       used 77006K, committed 77504K, reserved 1179648K
  class space    used 10585K, committed 10816K, reserved 1048576K
}
Event: 8241.170 GC heap after
{Heap after GC invocations=1817 (full 485):
 garbage-first heap   total 352256K, used 105070K [0x00000000c0000000, 0x0000000100000000)
  region size 1024K, 0 young (0K), 0 survivors (0K)
 Metaspace       used 77006K, committed 77504K, reserved 1179648K
  class space    used 10585K, committed 10816K, reserved 1048576K
}
Event: 8251.294 GC heap before
{Heap before GC invocations=1817 (full 485):
 garbage-first heap   total 352256K, used 105070K [0x00000000c0000000, 0x0000000100000000)
  region size 1024K, 1 young (1024K), 0 survivors (0K)
 Metaspace       used 77006K, committed 77504K, reserved 1179648K
  class space    used 10585K, committed 10816K, reserved 1048576K
}
Event: 8251.356 GC heap after
{Heap after GC invocations=1818 (full 486):
 garbage-first heap   total 352256K, used 105070K [0x00000000c0000000, 0x0000000100000000)
  region size 1024K, 0 young (0K), 0 survivors (0K)
 Metaspace       used 77006K, committed 77504K, reserved 1179648K
  class space    used 10585K, committed 10816K, reserved 1048576K
}
Event: 8261.478 GC heap before
{Heap before GC invocations=1818 (full 486):
 garbage-first heap   total 352256K, used 105070K [0x00000000c0000000, 0x0000000100000000)
  region size 1024K, 1 young (1024K), 0 survivors (0K)
 Metaspace       used 77006K, committed 77504K, reserved 1179648K
  class space    used 10585K, committed 10816K, reserved 1048576K
}
Event: 8261.530 GC heap after
{Heap after GC invocations=1819 (full 487):
 garbage-first heap   total 352256K, used 105070K [0x00000000c0000000, 0x0000000100000000)
  region size 1024K, 0 young (0K), 0 survivors (0K)
 Metaspace       used 77006K, committed 77504K, reserved 1179648K
  class space    used 10585K, committed 10816K, reserved 1048576K
}
Event: 8271.652 GC heap before
{Heap before GC invocations=1819 (full 487):
 garbage-first heap   total 352256K, used 105070K [0x00000000c0000000, 0x0000000100000000)
  region size 1024K, 1 young (1024K), 0 survivors (0K)
 Metaspace       used 77006K, committed 77504K, reserved 1179648K
  class space    used 10585K, committed 10816K, reserved 1048576K
}
Event: 8271.710 GC heap after
{Heap after GC invocations=1820 (full 488):
 garbage-first heap   total 352256K, used 105070K [0x00000000c0000000, 0x0000000100000000)
  region size 1024K, 0 young (0K), 0 survivors (0K)
 Metaspace       used 77006K, committed 77504K, reserved 1179648K
  class space    used 10585K, committed 10816K, reserved 1048576K
}
Event: 8281.822 GC heap before
{Heap before GC invocations=1820 (full 488):
 garbage-first heap   total 352256K, used 105070K [0x00000000c0000000, 0x0000000100000000)
  region size 1024K, 1 young (1024K), 0 survivors (0K)
 Metaspace       used 77006K, committed 77504K, reserved 1179648K
  class space    used 10585K, committed 10816K, reserved 1048576K
}
Event: 8281.890 GC heap after
{Heap after GC invocations=1821 (full 489):
 garbage-first heap   total 352256K, used 105070K [0x00000000c0000000, 0x0000000100000000)
  region size 1024K, 0 young (0K), 0 survivors (0K)
 Metaspace       used 77006K, committed 77504K, reserved 1179648K
  class space    used 10585K, committed 10816K, reserved 1048576K
}
Event: 8292.015 GC heap before
{Heap before GC invocations=1821 (full 489):
 garbage-first heap   total 352256K, used 105070K [0x00000000c0000000, 0x0000000100000000)
  region size 1024K, 1 young (1024K), 0 survivors (0K)
 Metaspace       used 77006K, committed 77504K, reserved 1179648K
  class space    used 10585K, committed 10816K, reserved 1048576K
}
Event: 8292.087 GC heap after
{Heap after GC invocations=1822 (full 490):
 garbage-first heap   total 352256K, used 105070K [0x00000000c0000000, 0x0000000100000000)
  region size 1024K, 0 young (0K), 0 survivors (0K)
 Metaspace       used 77006K, committed 77504K, reserved 1179648K
  class space    used 10585K, committed 10816K, reserved 1048576K
}
Event: 8302.221 GC heap before
{Heap before GC invocations=1822 (full 490):
 garbage-first heap   total 352256K, used 105070K [0x00000000c0000000, 0x0000000100000000)
  region size 1024K, 1 young (1024K), 0 survivors (0K)
 Metaspace       used 77006K, committed 77504K, reserved 1179648K
  class space    used 10585K, committed 10816K, reserved 1048576K
}
Event: 8302.286 GC heap after
{Heap after GC invocations=1823 (full 491):
 garbage-first heap   total 352256K, used 105070K [0x00000000c0000000, 0x0000000100000000)
  region size 1024K, 0 young (0K), 0 survivors (0K)
 Metaspace       used 77006K, committed 77504K, reserved 1179648K
  class space    used 10585K, committed 10816K, reserved 1048576K
}

